2024.09.02 09:46:41 INFO  Started: Metals version 1.3.5 in folders '/Users/luzm/git/compilerdesign/cohort_probs_scala/syntax_analysis' for client Visual Studio Code 1.92.2.[0m
SLF4J(W): Class path contains multiple SLF4J providers.
SLF4J(W): Found provider [scribe.slf4j.ScribeServiceProvider@7f76d72]
SLF4J(W): Found provider [ch.qos.logback.classic.spi.LogbackServiceProvider@66a3c9ef]
SLF4J(W): See https://www.slf4j.org/codes.html#multiple_bindings for an explanation.
SLF4J(I): Actual provider is of type [scribe.slf4j.ScribeServiceProvider@7f76d72]
2024.09.02 09:46:41 WARN  Flyway upgrade recommended: H2 2.3.230 is newer than this version of Flyway and support has not been tested. The latest supported version of H2 is 2.2.220.[0m
Sep 02, 2024 9:46:42 AM org.eclipse.lsp4j.jsonrpc.services.GenericEndpoint notify
INFO: Unsupported notification method: $/setTrace
2024.09.02 09:46:45 INFO  running '/Users/luzm/.sdkman/candidates/sbt/current/bin/sbt -Dbloop.export-jar-classifiers=sources bloopInstall'[0m
2024.09.02 09:46:45 WARN  no build target for: /Users/luzm/git/compilerdesign/cohort_probs_scala/syntax_analysis/project/metals.sbt[0m
2024.09.02 09:46:45 WARN  no build target for: /Users/luzm/git/compilerdesign/cohort_probs_scala/syntax_analysis/project/project/metals.sbt[0m
2024.09.02 09:46:45 INFO  no build target found for /Users/luzm/git/compilerdesign/cohort_probs_scala/syntax_analysis/project/metals.sbt. Using presentation compiler with project's scala-library version: 3.3.3[0m
2024.09.02 09:46:46 INFO  no build target found for /Users/luzm/git/compilerdesign/cohort_probs_scala/syntax_analysis/project/project/metals.sbt. Using presentation compiler with project's scala-library version: 3.3.3[0m
2024.09.02 09:46:47 INFO  [info] welcome to sbt 1.6.2 (Oracle Corporation Java 17)[0m
2024.09.02 09:46:51 INFO  [info] loading settings for project syntax_analysis-build-build from metals.sbt ...[0m
2024.09.02 09:46:52 INFO  [info] loading project definition from /Users/luzm/git/compilerdesign/cohort_probs_scala/syntax_analysis/project/project[0m
2024.09.02 09:46:57 INFO  [info] loading settings for project syntax_analysis-build from metals.sbt ...[0m
2024.09.02 09:46:57 INFO  [info] loading project definition from /Users/luzm/git/compilerdesign/cohort_probs_scala/syntax_analysis/project[0m
2024.09.02 09:47:00 INFO  Shutting down server[0m
2024.09.02 09:47:00 INFO  shutting down Metals[0m
2024.09.02 09:47:00 INFO  Exiting server[0m
